{"/home/kannan/github/week-5/day-3/Project/News-Project/testing/test.js":{"path":"/home/kannan/github/week-5/day-3/Project/News-Project/testing/test.js","s":{"1":1,"2":1,"3":1,"4":1,"5":1,"6":1,"7":1,"8":1,"9":1,"10":1,"11":1,"12":1,"13":1,"14":1,"15":1,"16":1,"17":1,"18":1,"19":1,"20":1,"21":1,"22":1,"23":1,"24":1,"25":1,"26":1,"27":1,"28":1,"29":1,"30":1,"31":1,"32":1,"33":1,"34":1,"35":1,"36":1,"37":1,"38":1,"39":1,"40":1,"41":1,"42":1,"43":1,"44":1,"45":1,"46":1,"47":1,"48":1,"49":1,"50":1,"51":1,"52":1},"b":{},"f":{},"fnMap":{},"statementMap":{"1":{"start":{"line":1,"column":0},"end":{"line":1,"column":29}},"2":{"start":{"line":2,"column":0},"end":{"line":2,"column":39}},"3":{"start":{"line":3,"column":0},"end":{"line":3,"column":41}},"4":{"start":{"line":5,"column":0},"end":{"line":17,"column":3}},"5":{"start":{"line":6,"column":2},"end":{"line":16,"column":7}},"6":{"start":{"line":11,"column":6},"end":{"line":11,"column":19}},"7":{"start":{"line":12,"column":6},"end":{"line":12,"column":98}},"8":{"start":{"line":13,"column":6},"end":{"line":13,"column":80}},"9":{"start":{"line":14,"column":6},"end":{"line":14,"column":71}},"10":{"start":{"line":15,"column":6},"end":{"line":15,"column":14}},"11":{"start":{"line":19,"column":0},"end":{"line":31,"column":3}},"12":{"start":{"line":20,"column":2},"end":{"line":30,"column":7}},"13":{"start":{"line":25,"column":6},"end":{"line":25,"column":19}},"14":{"start":{"line":26,"column":6},"end":{"line":26,"column":96}},"15":{"start":{"line":27,"column":6},"end":{"line":27,"column":80}},"16":{"start":{"line":28,"column":6},"end":{"line":28,"column":73}},"17":{"start":{"line":29,"column":6},"end":{"line":29,"column":14}},"18":{"start":{"line":33,"column":0},"end":{"line":46,"column":3}},"19":{"start":{"line":34,"column":2},"end":{"line":45,"column":7}},"20":{"start":{"line":39,"column":6},"end":{"line":39,"column":19}},"21":{"start":{"line":40,"column":6},"end":{"line":40,"column":96}},"22":{"start":{"line":41,"column":6},"end":{"line":41,"column":80}},"23":{"start":{"line":42,"column":6},"end":{"line":42,"column":73}},"24":{"start":{"line":44,"column":6},"end":{"line":44,"column":14}},"25":{"start":{"line":48,"column":0},"end":{"line":60,"column":3}},"26":{"start":{"line":49,"column":2},"end":{"line":59,"column":7}},"27":{"start":{"line":54,"column":6},"end":{"line":54,"column":19}},"28":{"start":{"line":55,"column":6},"end":{"line":55,"column":122}},"29":{"start":{"line":56,"column":6},"end":{"line":56,"column":78}},"30":{"start":{"line":57,"column":6},"end":{"line":57,"column":71}},"31":{"start":{"line":58,"column":6},"end":{"line":58,"column":14}},"32":{"start":{"line":62,"column":0},"end":{"line":74,"column":3}},"33":{"start":{"line":63,"column":2},"end":{"line":73,"column":7}},"34":{"start":{"line":68,"column":6},"end":{"line":68,"column":19}},"35":{"start":{"line":69,"column":6},"end":{"line":69,"column":122}},"36":{"start":{"line":70,"column":6},"end":{"line":70,"column":78}},"37":{"start":{"line":71,"column":6},"end":{"line":71,"column":71}},"38":{"start":{"line":72,"column":6},"end":{"line":72,"column":14}},"39":{"start":{"line":76,"column":0},"end":{"line":88,"column":3}},"40":{"start":{"line":77,"column":2},"end":{"line":87,"column":7}},"41":{"start":{"line":82,"column":6},"end":{"line":82,"column":19}},"42":{"start":{"line":83,"column":6},"end":{"line":83,"column":100}},"43":{"start":{"line":84,"column":6},"end":{"line":84,"column":82}},"44":{"start":{"line":85,"column":6},"end":{"line":85,"column":74}},"45":{"start":{"line":86,"column":6},"end":{"line":86,"column":14}},"46":{"start":{"line":90,"column":0},"end":{"line":103,"column":3}},"47":{"start":{"line":91,"column":2},"end":{"line":102,"column":7}},"48":{"start":{"line":97,"column":6},"end":{"line":97,"column":19}},"49":{"start":{"line":98,"column":6},"end":{"line":98,"column":123}},"50":{"start":{"line":99,"column":6},"end":{"line":99,"column":71}},"51":{"start":{"line":100,"column":6},"end":{"line":100,"column":80}},"52":{"start":{"line":101,"column":6},"end":{"line":101,"column":14}}},"branchMap":{}},"/home/kannan/github/week-5/day-3/Project/News-Project/src/route_1.js":{"path":"/home/kannan/github/week-5/day-3/Project/News-Project/src/route_1.js","s":{"1":1,"2":1,"3":1,"4":7,"5":7,"6":7,"7":1,"8":6,"9":4,"10":2,"11":1,"12":1,"13":1},"b":{"1":[1,6],"2":[4,2],"3":[1,1]},"f":{"1":7},"fnMap":{"1":{"name":"router","line":5,"loc":{"start":{"line":5,"column":0},"end":{"line":5,"column":34}}}},"statementMap":{"1":{"start":{"line":2,"column":0},"end":{"line":2,"column":88}},"2":{"start":{"line":3,"column":0},"end":{"line":3,"column":45}},"3":{"start":{"line":5,"column":0},"end":{"line":17,"column":1}},"4":{"start":{"line":6,"column":2},"end":{"line":6,"column":31}},"5":{"start":{"line":7,"column":2},"end":{"line":7,"column":24}},"6":{"start":{"line":8,"column":2},"end":{"line":16,"column":3}},"7":{"start":{"line":9,"column":4},"end":{"line":9,"column":38}},"8":{"start":{"line":10,"column":9},"end":{"line":16,"column":3}},"9":{"start":{"line":11,"column":4},"end":{"line":11,"column":40}},"10":{"start":{"line":12,"column":9},"end":{"line":16,"column":3}},"11":{"start":{"line":13,"column":4},"end":{"line":13,"column":33}},"12":{"start":{"line":15,"column":4},"end":{"line":15,"column":39}},"13":{"start":{"line":18,"column":0},"end":{"line":18,"column":24}}},"branchMap":{"1":{"line":8,"type":"if","locations":[{"start":{"line":8,"column":2},"end":{"line":8,"column":2}},{"start":{"line":8,"column":2},"end":{"line":8,"column":2}}]},"2":{"line":10,"type":"if","locations":[{"start":{"line":10,"column":9},"end":{"line":10,"column":9}},{"start":{"line":10,"column":9},"end":{"line":10,"column":9}}]},"3":{"line":12,"type":"if","locations":[{"start":{"line":12,"column":9},"end":{"line":12,"column":9}},{"start":{"line":12,"column":9},"end":{"line":12,"column":9}}]}}},"/home/kannan/github/week-5/day-3/Project/News-Project/src/functions.js":{"path":"/home/kannan/github/week-5/day-3/Project/News-Project/src/functions.js","s":{"1":1,"2":1,"3":1,"4":1,"5":1,"6":1,"7":0,"8":1,"9":1,"10":1,"11":1,"12":1,"13":0,"14":1,"15":1,"16":4,"17":4,"18":4,"19":4,"20":4,"21":4,"22":0,"23":4,"24":1},"b":{"1":[0,1],"2":[0,1],"3":[0,4]},"f":{"1":1,"2":1,"3":4},"fnMap":{"1":{"name":"handlerHomePage","line":4,"loc":{"start":{"line":4,"column":0},"end":{"line":4,"column":43}}},"2":{"name":"handlerErrorPage","line":13,"loc":{"start":{"line":13,"column":0},"end":{"line":13,"column":44}}},"3":{"name":"handlerOtherFiles","line":22,"loc":{"start":{"line":22,"column":0},"end":{"line":22,"column":45}}}},"statementMap":{"1":{"start":{"line":1,"column":0},"end":{"line":1,"column":25}},"2":{"start":{"line":2,"column":0},"end":{"line":2,"column":29}},"3":{"start":{"line":4,"column":0},"end":{"line":12,"column":1}},"4":{"start":{"line":5,"column":2},"end":{"line":5,"column":58}},"5":{"start":{"line":6,"column":2},"end":{"line":11,"column":5}},"6":{"start":{"line":7,"column":4},"end":{"line":10,"column":5}},"7":{"start":{"line":7,"column":13},"end":{"line":7,"column":23}},"8":{"start":{"line":9,"column":6},"end":{"line":9,"column":24}},"9":{"start":{"line":13,"column":0},"end":{"line":21,"column":1}},"10":{"start":{"line":14,"column":2},"end":{"line":14,"column":58}},"11":{"start":{"line":15,"column":2},"end":{"line":20,"column":5}},"12":{"start":{"line":16,"column":4},"end":{"line":19,"column":5}},"13":{"start":{"line":16,"column":13},"end":{"line":16,"column":23}},"14":{"start":{"line":18,"column":6},"end":{"line":18,"column":24}},"15":{"start":{"line":22,"column":0},"end":{"line":38,"column":1}},"16":{"start":{"line":23,"column":2},"end":{"line":23,"column":31}},"17":{"start":{"line":24,"column":2},"end":{"line":24,"column":43}},"18":{"start":{"line":25,"column":2},"end":{"line":30,"column":4}},"19":{"start":{"line":31,"column":2},"end":{"line":31,"column":69}},"20":{"start":{"line":32,"column":2},"end":{"line":37,"column":5}},"21":{"start":{"line":33,"column":4},"end":{"line":36,"column":5}},"22":{"start":{"line":33,"column":13},"end":{"line":33,"column":23}},"23":{"start":{"line":35,"column":6},"end":{"line":35,"column":24}},"24":{"start":{"line":41,"column":0},"end":{"line":41,"column":74}}},"branchMap":{"1":{"line":7,"type":"if","locations":[{"start":{"line":7,"column":4},"end":{"line":7,"column":4}},{"start":{"line":7,"column":4},"end":{"line":7,"column":4}}]},"2":{"line":16,"type":"if","locations":[{"start":{"line":16,"column":4},"end":{"line":16,"column":4}},{"start":{"line":16,"column":4},"end":{"line":16,"column":4}}]},"3":{"line":33,"type":"if","locations":[{"start":{"line":33,"column":4},"end":{"line":33,"column":4}},{"start":{"line":33,"column":4},"end":{"line":33,"column":4}}]}}},"/home/kannan/github/week-5/day-3/Project/News-Project/src/handling_api.js":{"path":"/home/kannan/github/week-5/day-3/Project/News-Project/src/handling_api.js","s":{"1":1,"2":1,"3":1,"4":1,"5":1,"6":1,"7":1,"8":1,"9":1,"10":0,"11":1,"12":1,"13":1,"14":1,"15":1,"16":1,"17":1,"18":1,"19":1,"20":1,"21":1,"22":3,"23":1,"24":1,"25":1,"26":0,"27":1,"28":1,"29":20,"30":20,"31":20,"32":20,"33":20,"34":20,"35":20,"36":1,"37":1,"38":1,"39":1},"b":{"1":[0,1],"2":[20,7]},"f":{"1":1,"2":1,"3":1,"4":1},"fnMap":{"1":{"name":"handlerAPI","line":5,"loc":{"start":{"line":5,"column":0},"end":{"line":5,"column":38}}},"2":{"name":"makeRequest","line":18,"loc":{"start":{"line":18,"column":0},"end":{"line":18,"column":36}}},"3":{"name":"requestXHR","line":26,"loc":{"start":{"line":26,"column":0},"end":{"line":26,"column":44}}},"4":{"name":"getArrayFromJSONFile","line":43,"loc":{"start":{"line":43,"column":0},"end":{"line":43,"column":45}}}},"statementMap":{"1":{"start":{"line":1,"column":0},"end":{"line":1,"column":29}},"2":{"start":{"line":3,"column":0},"end":{"line":3,"column":21}},"3":{"start":{"line":5,"column":0},"end":{"line":16,"column":1}},"4":{"start":{"line":6,"column":2},"end":{"line":6,"column":71}},"5":{"start":{"line":7,"column":2},"end":{"line":7,"column":19}},"6":{"start":{"line":8,"column":2},"end":{"line":10,"column":5}},"7":{"start":{"line":9,"column":4},"end":{"line":9,"column":22}},"8":{"start":{"line":11,"column":2},"end":{"line":15,"column":5}},"9":{"start":{"line":12,"column":4},"end":{"line":12,"column":23}},"10":{"start":{"line":12,"column":13},"end":{"line":12,"column":23}},"11":{"start":{"line":14,"column":4},"end":{"line":14,"column":46}},"12":{"start":{"line":18,"column":0},"end":{"line":24,"column":1}},"13":{"start":{"line":19,"column":2},"end":{"line":19,"column":28}},"14":{"start":{"line":20,"column":2},"end":{"line":20,"column":25}},"15":{"start":{"line":21,"column":2},"end":{"line":21,"column":144}},"16":{"start":{"line":22,"column":2},"end":{"line":22,"column":19}},"17":{"start":{"line":23,"column":2},"end":{"line":23,"column":49}},"18":{"start":{"line":26,"column":0},"end":{"line":41,"column":1}},"19":{"start":{"line":27,"column":2},"end":{"line":40,"column":5}},"20":{"start":{"line":28,"column":4},"end":{"line":28,"column":21}},"21":{"start":{"line":29,"column":4},"end":{"line":31,"column":7}},"22":{"start":{"line":30,"column":6},"end":{"line":30,"column":23}},"23":{"start":{"line":33,"column":4},"end":{"line":35,"column":7}},"24":{"start":{"line":34,"column":6},"end":{"line":34,"column":45}},"25":{"start":{"line":37,"column":4},"end":{"line":39,"column":7}},"26":{"start":{"line":38,"column":6},"end":{"line":38,"column":43}},"27":{"start":{"line":43,"column":0},"end":{"line":57,"column":1}},"28":{"start":{"line":44,"column":2},"end":{"line":52,"column":3}},"29":{"start":{"line":45,"column":4},"end":{"line":45,"column":20}},"30":{"start":{"line":46,"column":4},"end":{"line":46,"column":40}},"31":{"start":{"line":47,"column":4},"end":{"line":47,"column":47}},"32":{"start":{"line":48,"column":4},"end":{"line":48,"column":124}},"33":{"start":{"line":49,"column":4},"end":{"line":49,"column":36}},"34":{"start":{"line":50,"column":4},"end":{"line":50,"column":52}},"35":{"start":{"line":51,"column":4},"end":{"line":51,"column":27}},"36":{"start":{"line":53,"column":2},"end":{"line":53,"column":27}},"37":{"start":{"line":54,"column":2},"end":{"line":54,"column":43}},"38":{"start":{"line":56,"column":2},"end":{"line":56,"column":19}},"39":{"start":{"line":59,"column":0},"end":{"line":59,"column":28}}},"branchMap":{"1":{"line":12,"type":"if","locations":[{"start":{"line":12,"column":4},"end":{"line":12,"column":4}},{"start":{"line":12,"column":4},"end":{"line":12,"column":4}}]},"2":{"line":48,"type":"binary-expr","locations":[{"start":{"line":48,"column":17},"end":{"line":48,"column":44}},{"start":{"line":48,"column":48},"end":{"line":48,"column":123}}]}}}}