TN:
SF:/home/kannan/github/week-5/day-3/Project/News-Project/testing/test.js
FNF:0
FNH:0
DA:1,1
DA:2,1
DA:3,1
DA:5,1
DA:6,1
DA:11,1
DA:12,1
DA:13,1
DA:14,1
DA:15,1
DA:19,1
DA:20,1
DA:25,1
DA:26,1
DA:27,1
DA:28,1
DA:29,1
DA:33,1
DA:34,1
DA:39,1
DA:40,1
DA:41,1
DA:42,1
DA:44,1
DA:48,1
DA:49,1
DA:54,1
DA:55,1
DA:56,1
DA:57,1
DA:58,1
DA:62,1
DA:63,1
DA:68,1
DA:69,1
DA:70,1
DA:71,1
DA:72,1
DA:76,1
DA:77,1
DA:82,1
DA:83,1
DA:84,1
DA:85,1
DA:86,1
DA:90,1
DA:91,1
DA:97,1
DA:98,1
DA:99,1
DA:100,1
DA:101,1
LF:52
LH:52
BRF:0
BRH:0
end_of_record
TN:
SF:/home/kannan/github/week-5/day-3/Project/News-Project/src/route_1.js
FN:5,router
FNF:1
FNH:1
FNDA:7,router
DA:2,1
DA:3,1
DA:5,1
DA:6,7
DA:7,7
DA:8,7
DA:9,1
DA:10,6
DA:11,4
DA:12,2
DA:13,1
DA:15,1
DA:18,1
LF:13
LH:13
BRDA:8,1,0,1
BRDA:8,1,1,6
BRDA:10,2,0,4
BRDA:10,2,1,2
BRDA:12,3,0,1
BRDA:12,3,1,1
BRF:6
BRH:6
end_of_record
TN:
SF:/home/kannan/github/week-5/day-3/Project/News-Project/src/functions.js
FN:4,handlerHomePage
FN:13,handlerErrorPage
FN:22,handlerOtherFiles
FNF:3
FNH:3
FNDA:1,handlerHomePage
FNDA:1,handlerErrorPage
FNDA:4,handlerOtherFiles
DA:1,1
DA:2,1
DA:4,1
DA:5,1
DA:6,1
DA:7,1
DA:9,1
DA:13,1
DA:14,1
DA:15,1
DA:16,1
DA:18,1
DA:22,1
DA:23,4
DA:24,4
DA:25,4
DA:31,4
DA:32,4
DA:33,4
DA:35,4
DA:41,1
LF:21
LH:21
BRDA:7,1,0,0
BRDA:7,1,1,1
BRDA:16,2,0,0
BRDA:16,2,1,1
BRDA:33,3,0,0
BRDA:33,3,1,4
BRF:6
BRH:3
end_of_record
TN:
SF:/home/kannan/github/week-5/day-3/Project/News-Project/src/handling_api.js
FN:5,handlerAPI
FN:18,makeRequest
FN:26,requestXHR
FN:43,getArrayFromJSONFile
FNF:4
FNH:4
FNDA:1,handlerAPI
FNDA:1,makeRequest
FNDA:1,requestXHR
FNDA:1,getArrayFromJSONFile
DA:1,1
DA:3,1
DA:5,1
DA:6,1
DA:7,1
DA:8,1
DA:9,1
DA:11,1
DA:12,1
DA:14,1
DA:18,1
DA:19,1
DA:20,1
DA:21,1
DA:22,1
DA:23,1
DA:26,1
DA:27,1
DA:28,1
DA:29,1
DA:30,3
DA:33,1
DA:34,1
DA:37,1
DA:38,0
DA:43,1
DA:44,1
DA:45,20
DA:46,20
DA:47,20
DA:48,20
DA:49,20
DA:50,20
DA:51,20
DA:53,1
DA:54,1
DA:56,1
DA:59,1
LF:38
LH:37
BRDA:12,1,0,0
BRDA:12,1,1,1
BRDA:48,2,0,20
BRDA:48,2,1,7
BRF:4
BRH:3
end_of_record
